mode: set

github.com/GP-3-Kelompok-2/airbnb-app-project/features/reservation/service/logic.go:15.77,19.2 1 1
github.com/GP-3-Kelompok-2/airbnb-app-project/features/reservation/service/logic.go:22.122,24.16 2 1
github.com/GP-3-Kelompok-2/airbnb-app-project/features/reservation/service/logic.go:28.2,28.18 1 1
github.com/GP-3-Kelompok-2/airbnb-app-project/features/reservation/service/logic.go:24.16,27.3 1 1
github.com/GP-3-Kelompok-2/airbnb-app-project/features/reservation/service/logic.go:32.91,34.16 2 1
github.com/GP-3-Kelompok-2/airbnb-app-project/features/reservation/service/logic.go:38.2,38.12 1 1
github.com/GP-3-Kelompok-2/airbnb-app-project/features/reservation/service/logic.go:34.16,36.3 1 1
github.com/GP-3-Kelompok-2/airbnb-app-project/features/reservation/service/logic.go:42.102,44.16 2 1
github.com/GP-3-Kelompok-2/airbnb-app-project/features/reservation/service/logic.go:48.2,48.18 1 1
github.com/GP-3-Kelompok-2/airbnb-app-project/features/reservation/service/logic.go:44.16,47.3 1 1
github.com/GP-3-Kelompok-2/airbnb-app-project/features/auth/service/logic.go:20.63,25.2 1 1
github.com/GP-3-Kelompok-2/airbnb-app-project/features/auth/service/logic.go:27.82,29.74 1 1
github.com/GP-3-Kelompok-2/airbnb-app-project/features/auth/service/logic.go:34.2,35.21 2 1
github.com/GP-3-Kelompok-2/airbnb-app-project/features/auth/service/logic.go:46.2,49.25 4 1
github.com/GP-3-Kelompok-2/airbnb-app-project/features/auth/service/logic.go:54.2,55.21 2 1
github.com/GP-3-Kelompok-2/airbnb-app-project/features/auth/service/logic.go:60.2,60.27 1 1
github.com/GP-3-Kelompok-2/airbnb-app-project/features/auth/service/logic.go:29.74,32.3 2 0
github.com/GP-3-Kelompok-2/airbnb-app-project/features/auth/service/logic.go:35.21,37.50 2 0
github.com/GP-3-Kelompok-2/airbnb-app-project/features/auth/service/logic.go:37.50,39.4 1 0
github.com/GP-3-Kelompok-2/airbnb-app-project/features/auth/service/logic.go:39.9,39.57 1 0
github.com/GP-3-Kelompok-2/airbnb-app-project/features/auth/service/logic.go:39.57,41.4 1 0
github.com/GP-3-Kelompok-2/airbnb-app-project/features/auth/service/logic.go:41.9,43.4 1 0
github.com/GP-3-Kelompok-2/airbnb-app-project/features/auth/service/logic.go:49.25,52.3 2 1
github.com/GP-3-Kelompok-2/airbnb-app-project/features/auth/service/logic.go:55.21,58.3 2 0

